20231118	22:20:42	bb048966-6f54-4061-8c9a-5869ee403838	GET	/	undefined
20231118	22:20:42	8433a6ee-e2f9-4a78-8d2e-a33253ae849e	GET	/styles.css	undefined
20231118	22:20:43	be8f34c0-e987-4a49-9f83-ecfd9903f8f4	GET	/pictures/arc-triomf_888_1.jpg	undefined
20231118	22:20:43	a9bfd6cb-9854-420b-94c5-dd930dc9433b	GET	/%PUBLIC_URL%/favicon.ico	undefined
20231118	22:20:43	cb51cb69-9755-49f8-9b05-cca3493d5242	GET	/login	undefined
20231119	13:16:56	62018214-14f7-41a5-a7f6-f0da1f948355	GET	/	undefined
20231119	13:16:56	4d3297be-99c2-4947-a6fa-c77e2623340a	GET	/styles.css	undefined
20231119	13:16:56	f1ec469d-15bb-4e44-9e59-6158946f5bc8	GET	/pictures/arc-triomf_888_1.jpg	undefined
20231119	13:16:56	f5cdb512-f58b-4f8e-a27b-21eb574ced34	GET	/%PUBLIC_URL%/favicon.ico	undefined
20231119	13:16:57	5a665ae6-19f7-49bb-937a-b2d4a3f7f71f	GET	/login	undefined
20231119	13:19:29	67850d5f-7f12-4018-aee6-3339ed6a5243	GET	/	undefined
20231119	13:19:30	0c8b5235-e361-4c8e-9a92-94a6a69b3b55	GET	/styles.css	undefined
20231119	13:19:30	fa3f016f-ba2f-4c14-b28c-c7063f5c7c64	GET	/pictures/arc-triomf_888_1.jpg	undefined
20231119	13:19:30	b5f09a2e-146a-445e-a5bd-f38791e488f6	GET	/%PUBLIC_URL%/favicon.ico	undefined
20231119	13:19:30	44c98129-86e8-40cd-be14-4397bd09456a	GET	/login	undefined
20231119	13:19:42	d3711374-1b6e-40e1-9cfa-a5e284885851	GET	/styles.css	undefined
20231119	16:24:57	426b0614-73f2-4d71-a000-a0a38322b432	GET	/	undefined
20231119	16:24:57	5a41c83c-378d-414d-949c-a29ada3c3600	GET	/styles.css	undefined
20231119	16:24:58	5b740cca-ebb1-4d85-b4e2-a2665249d88f	GET	/pictures/arc-triomf_888_1.jpg	undefined
20231119	16:24:58	07c826a0-2676-49b2-9a01-30c4aa4e15cb	GET	/%PUBLIC_URL%/favicon.ico	undefined
20231119	17:08:05	7fdb4995-89e7-46f6-b195-4b71c175082c	GET	/	undefined
20231119	17:08:05	546fd030-e54d-482d-a2d6-c3f941277b1c	GET	/styles.css	undefined
20231119	17:08:05	a6d89ef5-af54-4a38-9190-b96ed6e8d150	GET	/pictures/arc-triomf_888_1.jpg	undefined
20231119	17:08:05	93045aa4-cac1-4f0f-ab4a-029dfc822e97	GET	/%PUBLIC_URL%/favicon.ico	undefined
20231119	17:10:18	6cb20fb2-89e4-4d2d-badc-c7c02ad55b6c	GET	/login.html	undefined
20231119	17:10:18	bf9653ff-0dbd-4d23-ada5-eee138dafa37	GET	/login.js	undefined
20231119	17:10:18	55ff3d40-0653-4c1f-b695-b1e932ac12a1	GET	/favicon.ico	undefined
20231119	17:10:26	fe20bb48-0518-4ef3-b9fa-18443df707a0	POST	/auth/login	http://localhost:3000
20231119	17:10:34	3fc75f8a-07e7-4335-b5b5-29f42db8e324	POST	/auth/login	http://localhost:3000
20231119	21:11:52	ce737aec-b308-45c3-9b4b-6e11c6d7a00d	GET	/	undefined
20231119	21:11:52	f8afcdf5-abb5-48e5-967d-2de3f851f38d	GET	/styles.css	undefined
20231119	21:11:52	b16e4d96-3982-4e22-a73a-1358d4d46d8f	GET	/pictures/arc-triomf_888_1.jpg	undefined
20231119	21:11:53	7dd073b5-c18e-4d18-a7c4-0a9a1c730962	GET	/%PUBLIC_URL%/favicon.ico	undefined
20231119	21:17:14	484bf39c-810b-4775-9c18-395d32fbbc76	GET	/	undefined
20231119	21:17:14	95fb1cbf-3d6f-4a86-b7ba-6b2bc8335dc9	GET	/styles.css	undefined
20231119	21:17:14	8b6a997a-ffe2-40e5-9ea9-66eff7a763a6	GET	/pictures/arc-triomf_888_1.jpg	undefined
20231119	21:17:14	08cd1727-ff96-4232-abf6-2c7992b8ddd9	GET	/%PUBLIC_URL%/favicon.ico	undefined
20231119	21:18:24	84c1d3e5-f653-4c6f-b1d3-02fbbbaaad91	GET	/	undefined
20231119	21:18:24	4b91dfd2-cf48-4ddd-a888-4bc641f147ba	GET	/styles.css	undefined
20231119	21:18:24	3adcdb19-c1b4-4724-8a1e-83ddbfe51982	GET	/pictures/arc-triomf_888_1.jpg	undefined
20231119	21:18:24	5a0cf39a-4fe5-467e-9d8d-f20f005423b4	GET	/favicon.ico	undefined
20231120	01:58:46	f0523f23-a1c7-440b-8c6d-bcaf401a53cf	GET	/users	undefined
20231120	02:07:22	591b4b33-9133-4159-8bc7-46e0613fe146	POST	/users	undefined
20231120	02:09:24	d59c3ddf-4c89-4940-a9b3-b9a545aee22a	POST	/users	undefined
20231120	02:09:45	874b51a9-9a82-44e6-b8d6-2089a4c9e2e7	POST	/users	undefined
20231120	02:13:23	776e7d59-3428-4615-ba09-91171426f3ec	POST	/users	undefined
20231120	02:13:39	a68ffa00-15bc-42a3-85ea-c672a8607a39	POST	/users	undefined
20231120	02:14:06	6f635551-8cb8-4cf5-b13b-59ebbe54377c	POST	/users	undefined
20231120	02:24:58	0b6e60a0-40cc-4f21-a95a-56730f50cada	POST	/users	undefined
20231120	02:27:45	24edd10f-4170-4ca2-a6d9-e09e5cf36c05	GET	/users	undefined
20231120	13:47:00	b8c682ae-cfa6-48a0-98e2-bdf68ade8373	GET	/	undefined
20231120	13:47:00	b54aa3c1-e071-470d-9ef5-734cf9d65eae	GET	/styles.css	undefined
20231120	13:47:01	a12fcbd3-3193-44f1-8014-376baed69ece	GET	/favicon.ico	undefined
20231120	13:50:27	b6466827-b2c4-41fd-85bc-21be8aacd3b6	GET	/	undefined
20231120	13:50:27	67ab408d-4cd7-4018-8d98-c56e564ed42e	GET	/styles.css	undefined
20231120	13:50:27	7e9ed653-3dc8-4e54-a20d-2cf50964d822	GET	/favicon.ico	undefined
20231120	13:50:32	7f4f012a-9991-47db-957b-024e38b48a6b	GET	/	undefined
20231120	13:50:32	fad93ef2-8a3b-41a9-9c9b-61d564e2e6c4	GET	/styles.css	undefined
20231120	13:50:32	3a65326e-612e-4add-ba0b-676972b0b6d6	GET	/favicon.ico	undefined
20231120	13:51:32	e88781f9-ccd5-45db-92bc-56f11d59452d	GET	/	undefined
20231120	13:51:32	93e0dcf6-4795-4a16-9802-edf255e93fca	GET	/public/style.css	undefined
20231120	13:51:32	215d5ef4-dbc1-4253-9723-ca80a9e7022f	GET	/favicon.ico	undefined
20231120	13:52:20	0fe26dad-34b8-4943-8751-1906d2e56959	GET	/	undefined
20231120	13:52:20	0df82798-8f24-4914-8283-2e479b0fc24c	GET	/public/style.css	undefined
20231120	13:52:20	11369b92-1814-4e4a-8b4b-62ba16ec7c4d	GET	/favicon.ico	undefined
20231120	13:52:42	d6b6b218-199f-4dc1-8991-b4f05421afc9	GET	/	undefined
20231120	13:52:42	f5934566-f213-4f4e-8c6b-8daedeb00ca3	GET	/public/style.css	undefined
20231120	13:52:42	dae680e1-aeb8-4008-86a5-c24b21103ec5	GET	/favicon.ico	undefined
20231120	13:53:42	f4aaa6e5-2eee-4302-ad4d-146948a73ad7	GET	/	undefined
20231120	13:53:42	89dba130-57d5-4b49-a2b0-00d24a2608f7	GET	/style.css	undefined
20231120	13:53:42	b5035ec3-da00-408a-adac-f64523d37bbd	GET	/pictures/arc-triomf_888_1.jpg	undefined
20231120	13:53:43	9b3b1b78-a6b1-4a6f-8a4d-63d30772343f	GET	/favicon.ico	undefined
20231120	14:18:01	8ff2075a-6d1f-4d8a-97f6-ed843e54611b	GET	/main.5bd693419351eefbd183.hot-update.json	undefined
20231120	23:58:13	2982b272-b1f7-4772-983e-e64cc2bb698d	GET	/main.15a81e997843927da481.hot-update.json	undefined
20231121	12:38:58	179fb1a3-f81c-4f3e-b44b-9689c31a94f2	GET	/main.c2aa0167872212c40c56.hot-update.json	undefined
20231121	12:39:29	fbe935e3-f9da-401c-8d1e-dbf9b39c8b48	OPTIONS	/auth	http://localhost:3002
20231121	12:39:29	f6043d4c-a68d-4bae-829f-0c53c7acf59c	POST	/auth	http://localhost:3002
20231121	12:40:02	4e0be7ac-8675-4f07-bd08-75efee447b8a	OPTIONS	/auth	http://localhost:3002
20231121	12:40:02	ec3ad502-addf-47e9-bc9c-cd09ba5483c0	POST	/auth	http://localhost:3002
20231121	12:56:13	90afcac5-5635-4573-a021-efd8335c012e	OPTIONS	/auth	http://localhost:3002
20231121	12:56:13	73ccd44a-0617-4967-a27a-a8b5efcd5122	POST	/auth	http://localhost:3002
20231121	12:56:15	951a5ab4-c913-436f-bf9d-c01e14eaeff8	OPTIONS	/notes	http://localhost:3002
20231121	12:56:15	9a6cef73-4a3a-4197-964a-d6d10aee10d7	OPTIONS	/users	http://localhost:3002
20231121	12:56:15	76fa1687-6135-4960-8284-51cd9a9aebf7	GET	/notes	http://localhost:3002
20231121	12:56:15	be552b62-097c-4c6c-bd66-955f28edf080	GET	/users	http://localhost:3002
20231121	17:11:33	eae0b096-a931-4422-a994-c705de793f82	OPTIONS	/auth/logout	http://localhost:3002
20231121	17:11:33	8eab0bd7-d0f4-4861-9a39-6065aced0332	POST	/auth/logout	http://localhost:3002
20231121	17:11:41	c2b9db3a-5edf-413c-828f-b0401e86603d	OPTIONS	/auth	http://localhost:3002
20231121	17:11:41	1f5851f3-9078-4084-afe8-a890ec1b61d4	POST	/auth	http://localhost:3002
20231121	17:11:42	ae74a725-941a-4b13-b5f1-e79f114a8ebc	OPTIONS	/notes	http://localhost:3002
20231121	17:11:42	0305cfef-b56f-4d66-ad49-07e0102ab137	GET	/notes	http://localhost:3002
20231121	17:11:42	8f22aa6c-dbf7-4cc7-a15f-2186f944ca02	OPTIONS	/users	http://localhost:3002
20231121	17:11:42	de761da2-95e4-4f6d-83a8-2ff5c63b3b25	GET	/users	http://localhost:3002
20231121	17:11:45	a3ea80e0-8824-46c1-b94d-cab7b354d83c	OPTIONS	/auth/logout	http://localhost:3002
20231121	17:11:45	1306ce77-489b-4fa3-98b3-c7b9646013e9	POST	/auth/logout	http://localhost:3002
20231123	11:56:28	7c80606d-6d35-4f80-9841-e3142857860e	OPTIONS	/auth	http://localhost:3002
20231123	11:56:28	83c424b2-1056-4aae-947d-6fe93820d035	POST	/auth	http://localhost:3002
20231123	11:56:30	cb74e2bd-6d93-464f-8dbd-e010f5a16ab0	OPTIONS	/notes	http://localhost:3002
20231123	11:56:30	aed9518c-356a-44f9-b797-0d63b8a0f490	OPTIONS	/users	http://localhost:3002
20231123	11:56:30	14ac3141-4e95-4811-8d62-0300b57f6bb2	GET	/notes	http://localhost:3002
20231123	11:56:30	eb424c56-e4a9-4412-8801-048d6bc99cab	GET	/users	http://localhost:3002
20231123	11:56:40	d772a984-55a4-4597-8cf7-f714e63b4f64	OPTIONS	/notes	http://localhost:3002
20231123	11:56:40	ed0fca33-0b41-4c96-9822-9d1be9346478	GET	/notes	http://localhost:3002
20231123	12:12:49	3bf00c93-764f-4b16-8dfa-56fbd9c57236	OPTIONS	/auth/logout	http://localhost:3002
20231123	12:12:49	e2d9913f-3fc6-456e-915e-b394165dbc2b	POST	/auth/logout	http://localhost:3002
20231123	12:13:02	d307fb38-2965-4d5e-b155-cb3216803823	OPTIONS	/auth	http://localhost:3002
20231123	12:13:02	54d15653-bc1a-4db6-b550-6113a84acfd8	POST	/auth	http://localhost:3002
20231123	12:13:04	6c08fe05-6374-4d6d-9d1a-591459df368d	OPTIONS	/notes	http://localhost:3002
20231123	12:13:04	0a655cf8-927e-4639-9a3c-089ec03312ea	OPTIONS	/users	http://localhost:3002
20231123	12:13:04	cfa5e7b4-96fd-42ff-83d7-0e27f2f43ce6	GET	/notes	http://localhost:3002
20231123	12:13:04	4bb8086e-a5fd-4f5c-8f63-c797f4e92897	GET	/users	http://localhost:3002
20231123	12:13:56	9762341f-58d9-4bfd-b34b-3b0a59fdc7e3	OPTIONS	/auth	http://localhost:3002
20231123	12:13:56	87ccabd5-4b19-4a0b-b39e-32d081782258	POST	/auth	http://localhost:3002
20231123	12:13:57	6ca4fd1a-6528-447c-bce1-4d21dbed9e1e	OPTIONS	/notes	http://localhost:3002
20231123	12:13:57	96dbc817-65d2-45be-be78-e0216d605118	OPTIONS	/users	http://localhost:3002
20231123	12:13:57	09a67d51-c402-4445-9bfc-b9ecf23376f3	GET	/notes	http://localhost:3002
20231123	12:13:58	8d4a19e6-d640-4a50-b8cf-cbd8b1b93c08	GET	/users	http://localhost:3002
20231123	12:14:14	145bc756-3e01-4ba0-a44e-57ea6ed4be99	GET	/auth/refresh	http://localhost:3002
20231123	12:14:15	a940fff8-8148-490e-a5c2-d4df197cfc5c	OPTIONS	/notes	http://localhost:3002
20231123	12:14:15	b708bb73-9811-4a14-959e-0b93105b3a7d	OPTIONS	/users	http://localhost:3002
20231123	12:14:15	05e88a8f-75cf-4a0d-8c1a-d078274b1565	GET	/notes	http://localhost:3002
20231123	12:14:15	b569ff57-f4d4-4264-a627-b40b379d6000	GET	/users	http://localhost:3002
20231123	12:14:17	9b839594-4691-45usersa2-8c70-78d29a8ec610	GET	/notes	http://localhost:3002
20231123	12:14:29	9884ed58-7d7f-48c2-b544-9e7148fc07e3	OPTIONS	/notes	http://localhost:3002
20231123	12:14:29	efcbea24-58dd-45c5-af96-139a19e04a09	GET	/notes	http://localhost:3002
20231123	12:14:35	23f1ee85-0dcd-458a-b077-6a033f84afcd	OPTIONS	/auth/logout	http://localhost:3002
20231123	12:14:35	61c7945b-04e2-4036-881a-e778f621da52	POST	/auth/logout	http://localhost:3002
20231123	12:14:47	74501afe-490e-4190-9e58-43c288832d9e	OPTIONS	/auth	http://localhost:3002
20231123	12:14:47	4b5cb697-7c5a-423e-80d3-b673806cb46a	POST	/auth	http://localhost:3002
20231123	12:14:48	58b6ba57-b73d-4261-bb18-0a7c4ec25996	OPTIONS	/notes	http://localhost:3002
20231123	12:14:48	b7d8273e-1bf1-411b-9f95-94c88ec5ba48	OPTIONS	/users	http://localhost:3002
20231123	12:14:48	1f1e685f-8766-432a-b0a5-7649ee4dd911	GET	/notes	http://localhost:3002
20231123	12:14:48	7d776898-6dc7-465f-b8c8-b773ba56d233	GET	/users	http://localhost:3002
20231123	12:14:50	5a030f55-93cf-4c02-9480-e7f074ec2a02	GET	/notes	http://localhost:3002
20231123	12:15:05	e4563d43-47bb-42a5-85cc-fda761b59ce9	OPTIONS	/auth/logout	http://localhost:3002
20231123	12:15:05	e6905825-e9a6-4bcc-938b-7ee37892ccdf	POST	/auth/logout	http://localhost:3002
20231123	12:15:45	84c36479-f2a6-499d-80d4-eea792927417	OPTIONS	/auth	http://localhost:3002
20231123	12:15:45	d7e3a590-ef16-42e3-bb69-d8b3c45fb461	POST	/auth	http://localhost:3002
20231123	12:15:46	ae1d1e1e-755c-4f85-8fcf-84b3d568c081	OPTIONS	/notes	http://localhost:3002
20231123	12:15:46	23c61bd2-7ca4-4b79-a451-bd2c4a009cc7	OPTIONS	/users	http://localhost:3002
20231123	12:15:46	1b49796e-a1f2-47f3-9595-e9089889dc54	GET	/notes	http://localhost:3002
20231123	12:15:46	0f6fb523-190f-4cda-b4a2-db75fc1c435a	GET	/users	http://localhost:3002
20231123	12:16:26	8dbeeb48-ae77-4afd-b1eb-6b2cb610274c	OPTIONS	/auth	http://localhost:3002
20231123	12:16:26	f1d42b9b-4dfb-4f8f-9fd9-e0e1c54fbcbb	POST	/auth	http://localhost:3002
20231123	12:16:30	f8fedfa4-73f4-4967-a27b-eb90838db2da	OPTIONS	/notes	http://localhost:3002
20231123	12:16:30	5bf78e19-2387-4660-94b6-3e21db2fe3ca	OPTIONS	/users	http://localhost:3002
20231123	12:16:30	e3dd7471-878f-4990-b369-da9b63499529	GET	/notes	http://localhost:3002
20231123	12:16:30	5b3f3ff4-d42b-4e6d-b65d-7394e758f16b	GET	/users	http://localhost:3002
20231123	12:16:33	4aafa15c-68be-4e43-ab52-368a931f4165	GET	/notes	http://localhost:3002
20231123	12:16:48	2ac8db58-7f4d-43cf-9b81-dcb811b5ac4f	OPTIONS	/notes	http://localhost:3002
20231123	12:16:48	dbfc49a4-b5b4-488a-a9e1-89a3f0d0e938	POST	/notes	http://localhost:3002
20231123	12:17:14	03e83e56-c1b4-4eba-a876-f733a5501d48	GET	/auth/refresh	http://localhost:3002
20231123	12:17:15	5b3b0834-b6d0-4182-9e0b-b53f3339dfc3	OPTIONS	/notes	http://localhost:3002
20231123	12:17:15	57943cfa-bf35-4dd9-8447-97772c0b2ff4	OPTIONS	/users	http://localhost:3002
20231123	12:17:15	de668a98-3d4b-4bd4-9f97-8f0445741320	GET	/notes	http://localhost:3002
20231123	12:17:15	b5ce3d89-160d-4889-9c2c-233fb33e0f77	GET	/users	http://localhost:3002
20231123	12:17:45	00381f68-59f0-4cf6-92ce-10c5e5a1108d	OPTIONS	/users	http://localhost:3002
20231123	12:17:45	d8957e7d-17c0-4b4c-895a-aa071905ac79	POST	/users	http://localhost:3002
20231123	12:17:45	5be39a81-bf9e-4ad1-9344-4350b5db75e3	GET	/users	http://localhost:3002
20231123	12:17:59	d41f1acd-9fe4-4408-8744-a8eeb9e5c200	GET	/auth/refresh	http://localhost:3002
20231123	12:18:01	3b1d449d-5e77-452b-8068-bf859ec89480	OPTIONS	/users	http://localhost:3002
20231123	12:18:01	561f5400-9897-4372-8233-b3be9756381d	OPTIONS	/notes	http://localhost:3002
20231123	12:18:01	fbfeb68c-de64-4527-8ff6-64b1f9037fea	GET	/notes	http://localhost:3002
20231123	12:18:01	43dc67f0-0a79-46eb-9a33-81455b818d4c	GET	/users	http://localhost:3002
20231123	12:18:32	f710ea7e-dde6-4117-a49f-d94f35c8c485	GET	/auth/refresh	http://localhost:3002
20231123	12:18:33	07d7e6cb-b08d-4e9f-9c79-d8ed11bd381f	OPTIONS	/users	http://localhost:3002
20231123	12:18:33	4ae2cdf0-8366-46da-bc59-511a2a8c2fb7	OPTIONS	/notes	http://localhost:3002
20231123	12:18:33	2ffce5ef-53d9-4972-a35d-984e39f02f07	GET	/notes	http://localhost:3002
20231123	12:18:33	e88defab-a031-4a9e-8bcc-d0353349490d	GET	/users	http://localhost:3002
20231123	12:21:59	a1f45d1e-ee61-409f-8d74-d72e5d7ff700	OPTIONS	/auth	http://localhost:3002
20231123	12:21:59	4f173b1c-b07b-4ff0-9ce7-6071aa013586	POST	/auth	http://localhost:3002
20231123	12:21:59	710c3347-86c7-4034-99ce-69a61b853a3f	OPTIONS	/notes	http://localhost:3002
20231123	12:21:59	f541abed-9530-4364-b7e7-1052ecf9151a	GET	/notes	http://localhost:3002
20231123	12:21:59	d1b576c4-1b4a-4599-8bfd-30dc794a226a	OPTIONS	/users	http://localhost:3002
20231123	12:21:59	690f6b74-8fb1-4969-9136-8f21432a4c22	GET	/users	http://localhost:3002
20231123	12:22:58	d8ebb0de-c39a-42a2-b971-4cd0cb602e82	OPTIONS	/auth/logout	http://localhost:3002
20231123	12:22:58	4664a86c-eb03-4d7a-a54e-a6c26bf995b0	POST	/auth/logout	http://localhost:3002
20231123	17:40:31	5b47abbd-d88b-4429-9d1d-8495f4e87a73	GET	/main.d6cfbacc9f3e5f58517a.hot-update.json	undefined
20231123	17:55:28	a747883e-65de-452e-9f17-0be19fd36ca9	OPTIONS	/users	http://localhost:3002
20231123	17:55:28	1e2dd537-4144-410d-9ae4-66e0aabe9a47	POST	/users	http://localhost:3002
20231123	18:14:22	43f2ed1a-3197-4fbb-80e2-e8a6ca2c3617	OPTIONS	/users	http://localhost:3002
20231123	18:14:22	5a7c703d-ad53-4fb1-86f0-34ee98fb7736	POST	/users	http://localhost:3002
20231123	18:14:22	f813a9cc-dc06-4bd6-ab70-159ba6a8950b	GET	/auth/refresh	http://localhost:3002
20231123	21:39:21	7386f984-2fb4-493f-b03d-6c8d2d34b496	OPTIONS	/users	http://localhost:3002
20231123	21:39:21	2ac63a52-2097-4e57-9184-fcf6452cad49	POST	/users	http://localhost:3002
20231123	21:39:47	4b19bcde-d5c0-4567-9e1a-c5a0f88e4b01	OPTIONS	/users	http://localhost:3002
20231123	21:39:47	a97947c9-a60d-4fdb-a649-dc5cee1f3c1c	POST	/users	http://localhost:3002
20231123	21:39:47	619e55c2-ecbf-42d7-89e2-8d555cb2b0b7	GET	/auth/refresh	http://localhost:3002
20231123	21:57:07	325402a8-b6b7-4727-bb48-08139725e4bf	GET	/auth/refresh	http://localhost:3002
20231123	22:12:22	f51a9772-a94f-4d0f-8de5-3c36aff1a28c	OPTIONS	/users	http://localhost:3002
20231123	22:12:22	85f2da25-c95f-444b-9152-2c49d807198d	POST	/users	http://localhost:3002
20231123	22:12:22	fe3cc3f5-995d-40b2-ac54-776e8663337f	GET	/auth/refresh	http://localhost:3002
20231123	22:12:32	c8150e01-e6bc-4b92-b897-2cdc307ce701	OPTIONS	/auth	http://localhost:3002
20231123	22:12:32	c95b6961-9949-4791-8fcc-bb301a6a0ac3	POST	/auth	http://localhost:3002
20231123	22:13:41	7aec75b1-fd19-42fa-bec4-31030535fa1f	OPTIONS	/users	http://localhost:3002
20231123	22:13:41	2b8ca7b5-2172-4502-8faa-1f465f4c75d4	POST	/users	http://localhost:3002
20231123	22:13:50	57805149-6afc-4ffa-97fe-2d23a6530615	OPTIONS	/users	http://localhost:3002
20231123	22:13:50	00c7bb55-1af1-475e-82d5-131f86cd58e8	POST	/users	http://localhost:3002
20231123	22:13:57	f5e8c021-96fa-452d-805e-3ab20c7f1f32	OPTIONS	/auth	http://localhost:3002
20231123	22:13:57	6ff83b47-8b16-4bcc-b3e6-ff8bffdb896d	POST	/auth	http://localhost:3002
20231123	22:14:11	61fb3e74-8fbf-4a80-bed8-add1a5e36d5f	OPTIONS	/auth	http://localhost:3002
20231123	22:14:11	8f3bd6b2-cff4-44f1-a2df-8997919db57b	POST	/auth	http://localhost:3002
20231123	22:14:47	d84f1104-6cdd-4206-b89a-a153b730b47f	OPTIONS	/users	http://localhost:3002
20231123	22:14:47	cbbc7d8f-c94f-4d7f-85f2-c7943e482be6	POST	/users	http://localhost:3002
20231123	22:15:28	ea1a271e-e4f9-42fc-84ae-7d959353e962	OPTIONS	/auth	http://localhost:3002
20231123	22:15:28	d353d9fb-e840-4e0d-8ebc-51c8e3221846	POST	/auth	http://localhost:3002
20231123	22:16:33	f035d285-7832-4243-bfa4-020f4a906447	OPTIONS	/users	http://localhost:3002
20231123	22:16:33	15eef12e-6195-4c18-9fa4-25a35dd0741b	POST	/users	http://localhost:3002
20231123	22:17:36	9077abd1-6581-4d54-ba5a-3fc096289279	OPTIONS	/auth	http://localhost:3002
20231123	22:17:36	c1a310ae-2584-4255-ab66-2d77e026b89c	POST	/auth	http://localhost:3002
20231123	22:17:36	e2786086-dc05-4820-b5c7-7dd4e56c36cc	OPTIONS	/notes	http://localhost:3002
20231123	22:17:36	48b4c541-34b5-44fb-bef1-219915a6cfeb	GET	/notes	http://localhost:3002
20231123	22:17:36	c21ebcc8-29b5-477d-80fc-7a8cc36ceee7	OPTIONS	/users	http://localhost:3002
20231123	22:17:36	d6abe7c6-0113-4172-8892-b0b24d6c35b1	GET	/users	http://localhost:3002
20231123	22:17:45	120dc66f-e61a-466f-abde-6494ed1aa0fe	OPTIONS	/auth/logout	http://localhost:3002
20231123	22:17:45	2772ae86-55cf-487e-832f-e8ffcaffe8c9	POST	/auth/logout	http://localhost:3002
20231123	22:17:51	f662a11c-a8d4-4f2b-af5d-5ad48186d505	OPTIONS	/auth	http://localhost:3002
20231123	22:17:51	9e595328-b23e-44c4-9bb4-3db2be9e678d	POST	/auth	http://localhost:3002
20231123	22:17:51	0f35f68d-ea5d-46c1-a1a0-4a1a4e59f836	OPTIONS	/notes	http://localhost:3002
20231123	22:17:51	e70a7f11-7566-4c7c-9aa2-28800914c970	OPTIONS	/users	http://localhost:3002
20231123	22:17:51	f2c24442-4424-484d-be17-43ca8bc65727	GET	/notes	http://localhost:3002
20231123	22:17:51	88ca329b-88a1-4c87-842a-8e0431d27365	GET	/users	http://localhost:3002
20231123	22:17:57	96f3128a-d7cc-4a62-8a17-8d9791506752	OPTIONS	/auth/logout	http://localhost:3002
20231123	22:17:57	90bbd8c6-f4ec-42b1-806d-9827b1865eac	POST	/auth/logout	http://localhost:3002
20231123	22:18:07	19e29270-f5e3-444e-a68d-ae186acc067c	OPTIONS	/auth	http://localhost:3002
20231123	22:18:07	9db3627f-d5d8-4bc1-ba9a-18df3f08fe47	POST	/auth	http://localhost:3002
20231123	22:18:16	95bd1ce8-f8de-4aec-a690-20a5404f1a8a	OPTIONS	/auth	http://localhost:3002
20231123	22:18:16	1d59f1e5-c152-461b-928e-2d9a0199ea25	POST	/auth	http://localhost:3002
20231123	22:23:05	495666ff-ad83-4353-a0b6-b6159d547754	OPTIONS	/users	http://localhost:3002
20231123	22:23:05	105bcb70-b41a-4a27-a3b8-0fd370040f55	POST	/users	http://localhost:3002
20231123	22:23:05	4e1faaa9-5363-43b8-9e36-1aaa0ac28f7d	GET	/auth/refresh	http://localhost:3002
20231123	22:23:23	271340b8-e682-4a89-a255-1b4a9489a90e	OPTIONS	/auth	http://localhost:3002
20231123	22:23:23	d4a7f7d1-fb7c-4c5e-b621-ae52d4536057	POST	/auth	http://localhost:3002
20231123	22:23:32	2189ca9e-c1ae-4d0f-9579-a305521974c8	OPTIONS	/auth	http://localhost:3002
20231123	22:23:32	d52cd8fd-8d2f-4f1f-8f1a-d9d0dfdd7f0e	POST	/auth	http://localhost:3002
20231123	22:24:29	73fd746d-d855-42cf-88f8-d90a3acffa22	OPTIONS	/users	http://localhost:3002
20231123	22:24:29	34121329-19b3-49cb-bd72-4bfece722344	POST	/users	http://localhost:3002
20231123	22:24:30	44263498-cb6b-4b65-b932-918c33f90c5a	GET	/auth/refresh	http://localhost:3002
20231124	01:16:20	c9305b85-f7c9-426d-8c96-1acc49da38da	OPTIONS	/users	http://localhost:3002
20231124	01:16:20	fda2caaa-60cc-40ee-9cff-e7b8960289d7	POST	/users	http://localhost:3002
20231124	01:16:30	136a9d9f-d154-4393-8545-397af2ac4123	OPTIONS	/users	http://localhost:3002
20231124	01:16:30	da9c1bf3-8a57-4c9c-b524-7304bbb7a9e0	POST	/users	http://localhost:3002
20231124	01:16:59	091bc17b-e116-4775-a85b-870a3c0fa260	OPTIONS	/auth	http://localhost:3002
20231124	01:16:59	c1b571bd-dc4f-4820-b231-2388a3ee1e7a	POST	/auth	http://localhost:3002
20231124	01:16:59	1c56cd13-0c23-47b8-b8b1-925c44f51078	OPTIONS	/notes	http://localhost:3002
20231124	01:16:59	02ca48d0-078a-42e4-beb9-eb9fff02b7e5	OPTIONS	/users	http://localhost:3002
20231124	01:16:59	1c2cf2c1-8e1b-4cdf-b15f-ba548b750162	GET	/notes	http://localhost:3002
20231124	01:16:59	ca799667-1c12-4845-a833-788159c860ce	GET	/users	http://localhost:3002
20231124	01:18:08	143caf9e-3886-4937-ade4-69618b6a7ff4	OPTIONS	/auth/logout	http://localhost:3002
20231124	01:18:08	959db9da-e98c-4c32-9c8c-d17cda38c495	POST	/auth/logout	http://localhost:3002
20231124	01:18:38	afd93c8c-5644-4473-8b2c-d57a3778c023	OPTIONS	/users	http://localhost:3002
20231124	01:18:38	8ac9cb46-4a6b-4adc-83f4-8c90d6ca33bc	POST	/users	http://localhost:3002
20231124	01:19:00	e0b8f15d-d635-4342-af1a-3a12b2999221	OPTIONS	/auth	http://localhost:3002
20231124	01:19:00	985e0719-bd81-474c-bcba-e9a703205160	POST	/auth	http://localhost:3002
20231124	01:20:46	be65fbde-faec-4fc9-ba9f-8bbe20d007d7	OPTIONS	/auth	http://localhost:3002
20231124	01:20:46	5de273d4-29e1-4e30-b050-10c89e6bb965	POST	/auth	http://localhost:3002
20231124	01:20:46	b3ab5a83-048b-4169-b2a6-009b81485162	OPTIONS	/notes	http://localhost:3002
20231124	01:20:46	fd1dbead-127f-4d1e-b531-5400dde3acc7	OPTIONS	/users	http://localhost:3002
20231124	01:20:46	608a9f5d-792e-4db3-8706-de2618037853	GET	/notes	http://localhost:3002
20231124	01:20:46	923dafd7-1784-4f22-a35d-993cba5d0d98	GET	/users	http://localhost:3002
20231124	01:31:53	377c0241-2173-4925-a763-bcf396bf2455	OPTIONS	/auth/logout	http://localhost:3002
20231124	01:31:53	5c14ff6a-e402-4594-8c94-f271dc5cf17a	POST	/auth/logout	http://localhost:3002
20231124	01:33:27	040e51cb-33d4-49c8-9695-b43b5d00dbfa	OPTIONS	/auth	http://localhost:3002
20231124	01:33:27	500a6a05-906e-4ae3-8291-37601602a961	POST	/auth	http://localhost:3002
20231124	01:35:01	f2b87cc1-cfb4-4734-91e1-6ef56d94048c	OPTIONS	/auth	http://localhost:3002
20231124	01:35:01	30e883d1-c255-42c2-b3d0-0f384b1980bb	POST	/auth	http://localhost:3002
20231124	21:40:44	9d1074a6-2ab0-4bb2-9534-8c06744a14e9	OPTIONS	/users	http://localhost:3003
20231124	21:40:44	4ef06f22-0c68-4728-bf15-87a25b1f327f	POST	/users	http://localhost:3003
20231124	21:58:46	3f5f2c9c-c3c2-4af4-be44-a591fd34b3e8	OPTIONS	/users	http://localhost:3003
20231124	21:58:46	c20c976f-977a-4b5e-b2e2-53480fb5c62e	POST	/users	http://localhost:3003
20231124	22:40:06	d209e2be-dae6-438d-9ea7-aff39260b6e3	OPTIONS	/users	http://localhost:3003
20231124	22:40:06	c0a84f26-e45d-42b9-ae00-3aef5bac978a	POST	/users	http://localhost:3003
20231124	22:42:47	c35d43c9-8995-4950-a129-c2b0e36c050e	OPTIONS	/users	http://localhost:3003
20231124	22:42:47	8c7b09eb-ce50-4280-b865-d61de90b7203	POST	/users	http://localhost:3003
20231124	23:24:24	b58739ad-bfe6-4110-9495-26c3fe12e36f	OPTIONS	/users	http://localhost:3003
20231124	23:24:24	e6aa462f-8de3-44f6-88c4-96eb5b6c9f5f	POST	/users	http://localhost:3003
20231124	23:27:42	d4ca566a-cb2c-42b4-903a-7a192c7123f4	OPTIONS	/users	http://localhost:3003
20231124	23:27:42	de388e74-69f9-4aa3-a2c1-4e4c7677f3b8	POST	/users	http://localhost:3003
20231124	23:38:18	2af3086d-1337-41a5-b69f-cf70ca3718cc	OPTIONS	/users	http://localhost:3003
20231124	23:38:18	e3fe0db1-2beb-481e-a112-92f52fc4a93c	POST	/users	http://localhost:3003
20231124	23:40:28	1beb1add-4d79-46f9-ba8f-826827bf45da	OPTIONS	/users	http://localhost:3003
20231124	23:40:28	cfb08b40-5a47-45ec-b396-bb83280594de	POST	/users	http://localhost:3003
